2025-03-03 01:37:50.064  INFO 20066 --- [main] c.e.s.StudentLmsMongoApplication         : Starting StudentLmsMongoApplication on Keerthis-MacBook-Pro.local with PID 20066 (/Users/keerthisureka/Documents/tasks/student-lms-mongo/target/classes started by keerthisureka in /Users/keerthisureka/Documents/tasks/student-lms-mongo)
2025-03-03 01:37:50.068  INFO 20066 --- [main] c.e.s.StudentLmsMongoApplication         : No active profile set, falling back to default profiles: default
2025-03-03 01:37:50.892  INFO 20066 --- [main] .s.d.r.c.RepositoryConfigurationDelegate : Multiple Spring Data modules found, entering strict repository configuration mode!
2025-03-03 01:37:50.894  INFO 20066 --- [main] .s.d.r.c.RepositoryConfigurationDelegate : Bootstrapping Spring Data repositories in DEFAULT mode.
2025-03-03 01:37:51.042  INFO 20066 --- [main] .s.d.r.c.RepositoryConfigurationDelegate : Finished Spring Data repository scanning in 143ms. Found 4 repository interfaces.
2025-03-03 01:37:51.058  INFO 20066 --- [main] .s.d.r.c.RepositoryConfigurationDelegate : Multiple Spring Data modules found, entering strict repository configuration mode!
2025-03-03 01:37:51.059  INFO 20066 --- [main] .s.d.r.c.RepositoryConfigurationDelegate : Bootstrapping Spring Data repositories in DEFAULT mode.
2025-03-03 01:37:51.072  INFO 20066 --- [main] .RepositoryConfigurationExtensionSupport : Spring Data Redis - Could not safely identify store assignment for repository candidate interface com.example.student_lms_mongo.repository.CourseRepository. If you want this repository to be a Redis repository, consider annotating your entities with one of these annotations: org.springframework.data.redis.core.RedisHash (preferred), or consider extending one of the following types with your repository: org.springframework.data.keyvalue.repository.KeyValueRepository.
2025-03-03 01:37:51.073  INFO 20066 --- [main] .RepositoryConfigurationExtensionSupport : Spring Data Redis - Could not safely identify store assignment for repository candidate interface com.example.student_lms_mongo.repository.InstructorRepository. If you want this repository to be a Redis repository, consider annotating your entities with one of these annotations: org.springframework.data.redis.core.RedisHash (preferred), or consider extending one of the following types with your repository: org.springframework.data.keyvalue.repository.KeyValueRepository.
2025-03-03 01:37:51.073  INFO 20066 --- [main] .RepositoryConfigurationExtensionSupport : Spring Data Redis - Could not safely identify store assignment for repository candidate interface com.example.student_lms_mongo.repository.OrganizationRepository. If you want this repository to be a Redis repository, consider annotating your entities with one of these annotations: org.springframework.data.redis.core.RedisHash (preferred), or consider extending one of the following types with your repository: org.springframework.data.keyvalue.repository.KeyValueRepository.
2025-03-03 01:37:51.073  INFO 20066 --- [main] .RepositoryConfigurationExtensionSupport : Spring Data Redis - Could not safely identify store assignment for repository candidate interface com.example.student_lms_mongo.repository.StudentRepository. If you want this repository to be a Redis repository, consider annotating your entities with one of these annotations: org.springframework.data.redis.core.RedisHash (preferred), or consider extending one of the following types with your repository: org.springframework.data.keyvalue.repository.KeyValueRepository.
2025-03-03 01:37:51.073  INFO 20066 --- [main] .s.d.r.c.RepositoryConfigurationDelegate : Finished Spring Data repository scanning in 7ms. Found 0 repository interfaces.
2025-03-03 01:37:51.847  INFO 20066 --- [main] o.s.b.w.embedded.tomcat.TomcatWebServer  : Tomcat initialized with port(s): 8082 (http)
2025-03-03 01:37:51.855  INFO 20066 --- [main] o.apache.catalina.core.StandardService   : Starting service [Tomcat]
2025-03-03 01:37:51.855  INFO 20066 --- [main] org.apache.catalina.core.StandardEngine  : Starting Servlet engine: [Apache Tomcat/9.0.27]
2025-03-03 01:37:51.953  INFO 20066 --- [main] o.a.c.c.C.[Tomcat].[localhost].[/]       : Initializing Spring embedded WebApplicationContext
2025-03-03 01:37:51.954  INFO 20066 --- [main] o.s.web.context.ContextLoader            : Root WebApplicationContext: initialization completed in 1846 ms
2025-03-03 01:37:52.255  INFO 20066 --- [main] org.mongodb.driver.cluster               : Cluster created with settings {hosts=[localhost:27017], mode=MULTIPLE, requiredClusterType=UNKNOWN, serverSelectionTimeout='30000 ms', maxWaitQueueSize=500}
2025-03-03 01:37:52.256  INFO 20066 --- [main] org.mongodb.driver.cluster               : Adding discovered server localhost:27017 to client view of cluster
2025-03-03 01:37:52.312  INFO 20066 --- [cluster-ClusterId{value='67c4ba9844c1056e8eb76d20', description='null'}-localhost:27017] org.mongodb.driver.connection            : Opened connection [connectionId{localValue:1, serverValue:42}] to localhost:27017
2025-03-03 01:37:52.318  INFO 20066 --- [cluster-ClusterId{value='67c4ba9844c1056e8eb76d20', description='null'}-localhost:27017] org.mongodb.driver.cluster               : Monitor thread successfully connected to server with description ServerDescription{address=localhost:27017, type=STANDALONE, state=CONNECTED, ok=true, version=ServerVersion{versionList=[4, 4, 29]}, minWireVersion=0, maxWireVersion=9, maxDocumentSize=16777216, logicalSessionTimeoutMinutes=30, roundTripTimeNanos=3489332}
2025-03-03 01:37:52.319  INFO 20066 --- [cluster-ClusterId{value='67c4ba9844c1056e8eb76d20', description='null'}-localhost:27017] org.mongodb.driver.cluster               : Discovered cluster type of STANDALONE
2025-03-03 01:37:52.371  WARN 20066 --- [main] o.s.data.convert.CustomConversions       : Registering converter from class java.time.LocalDateTime to class java.time.Instant as reading converter although it doesn't convert from a store-supported type! You might wanna check you annotation setup at the converter implementation.
2025-03-03 01:37:52.371  WARN 20066 --- [main] o.s.data.convert.CustomConversions       : Registering converter from class java.time.Instant to class java.time.LocalDateTime as reading converter although it doesn't convert from a store-supported type! You might wanna check you annotation setup at the converter implementation.
2025-03-03 01:37:52.442  WARN 20066 --- [main] o.s.data.convert.CustomConversions       : Registering converter from class java.time.LocalDateTime to class java.time.Instant as reading converter although it doesn't convert from a store-supported type! You might wanna check you annotation setup at the converter implementation.
2025-03-03 01:37:52.442  WARN 20066 --- [main] o.s.data.convert.CustomConversions       : Registering converter from class java.time.Instant to class java.time.LocalDateTime as reading converter although it doesn't convert from a store-supported type! You might wanna check you annotation setup at the converter implementation.
2025-03-03 01:37:53.083  INFO 20066 --- [main] o.s.s.concurrent.ThreadPoolTaskExecutor  : Initializing ExecutorService 'applicationTaskExecutor'
2025-03-03 01:37:53.672  INFO 20066 --- [main] o.s.b.w.embedded.tomcat.TomcatWebServer  : Tomcat started on port(s): 8082 (http) with context path ''
2025-03-03 01:37:53.676  INFO 20066 --- [main] c.e.s.StudentLmsMongoApplication         : Started StudentLmsMongoApplication in 8.937 seconds (JVM running for 9.446)
2025-03-03 01:39:09.629  INFO 20066 --- [http-nio-8082-exec-1] o.a.c.c.C.[Tomcat].[localhost].[/]       : Initializing Spring DispatcherServlet 'dispatcherServlet'
2025-03-03 01:39:09.630  INFO 20066 --- [http-nio-8082-exec-1] o.s.web.servlet.DispatcherServlet        : Initializing Servlet 'dispatcherServlet'
2025-03-03 01:39:09.637  INFO 20066 --- [http-nio-8082-exec-1] o.s.web.servlet.DispatcherServlet        : Completed initialization in 7 ms
2025-03-03 01:56:49.000  INFO 20066 --- [http-nio-8082-exec-3] org.mongodb.driver.connection            : Opened connection [connectionId{localValue:2, serverValue:58}] to localhost:27017
2025-03-03 01:57:25.133  INFO 20066 --- [SpringContextShutdownHook] o.s.s.concurrent.ThreadPoolTaskExecutor  : Shutting down ExecutorService 'applicationTaskExecutor'
2025-03-03 01:57:25.138  INFO 20066 --- [SpringContextShutdownHook] org.mongodb.driver.connection            : Closed connection [connectionId{localValue:2, serverValue:58}] to localhost:27017 because the pool has been closed.
