2025-02-27 09:52:07.157  INFO 1758 --- [main] c.e.s.StudentLmsPostgreApplication       : Starting StudentLmsPostgreApplication using Java 23.0.2 on Keerthis-MacBook-Pro.local with PID 1758 (/Users/keerthisureka/Documents/tasks/student-lms-postgre/target/classes started by keerthisureka in /Users/keerthisureka/Documents/tasks/student-lms-postgre)
2025-02-27 09:52:07.160  INFO 1758 --- [main] c.e.s.StudentLmsPostgreApplication       : No active profile set, falling back to 1 default profile: "default"
2025-02-27 09:52:07.665  INFO 1758 --- [main] .s.d.r.c.RepositoryConfigurationDelegate : Bootstrapping Spring Data JPA repositories in DEFAULT mode.
2025-02-27 09:52:07.720  INFO 1758 --- [main] .s.d.r.c.RepositoryConfigurationDelegate : Finished Spring Data repository scanning in 45 ms. Found 5 JPA repository interfaces.
2025-02-27 09:52:08.244  INFO 1758 --- [main] o.s.b.w.embedded.tomcat.TomcatWebServer  : Tomcat initialized with port(s): 8080 (http)
2025-02-27 09:52:08.252  INFO 1758 --- [main] o.apache.catalina.core.StandardService   : Starting service [Tomcat]
2025-02-27 09:52:08.252  INFO 1758 --- [main] org.apache.catalina.core.StandardEngine  : Starting Servlet engine: [Apache Tomcat/9.0.83]
2025-02-27 09:52:08.320  INFO 1758 --- [main] o.a.c.c.C.[Tomcat].[localhost].[/]       : Initializing Spring embedded WebApplicationContext
2025-02-27 09:52:08.320  INFO 1758 --- [main] w.s.c.ServletWebServerApplicationContext : Root WebApplicationContext: initialization completed in 1112 ms
2025-02-27 09:52:08.765  INFO 1758 --- [main] com.zaxxer.hikari.HikariDataSource       : HikariPool-1 - Starting...
2025-02-27 09:52:08.829  INFO 1758 --- [main] com.zaxxer.hikari.HikariDataSource       : HikariPool-1 - Start completed.
2025-02-27 09:52:09.329  INFO 1758 --- [main] j.LocalContainerEntityManagerFactoryBean : Initialized JPA EntityManagerFactory for persistence unit 'default'
2025-02-27 09:52:09.825  WARN 1758 --- [main] JpaBaseConfiguration$JpaWebConfiguration : spring.jpa.open-in-view is enabled by default. Therefore, database queries may be performed during view rendering. Explicitly configure spring.jpa.open-in-view to disable this warning
2025-02-27 09:52:10.791  INFO 1758 --- [main] o.s.b.w.embedded.tomcat.TomcatWebServer  : Tomcat started on port(s): 8080 (http) with context path ''
2025-02-27 09:52:10.800  INFO 1758 --- [main] c.e.s.StudentLmsPostgreApplication       : Started StudentLmsPostgreApplication in 8.998 seconds (JVM running for 9.393)
2025-02-27 09:53:15.213  INFO 1758 --- [SpringApplicationShutdownHook] j.LocalContainerEntityManagerFactoryBean : Closing JPA EntityManagerFactory for persistence unit 'default'
2025-02-27 09:53:15.214  INFO 1758 --- [SpringApplicationShutdownHook] com.zaxxer.hikari.HikariDataSource       : HikariPool-1 - Shutdown initiated...
2025-02-27 09:53:15.216  INFO 1758 --- [SpringApplicationShutdownHook] com.zaxxer.hikari.HikariDataSource       : HikariPool-1 - Shutdown completed.
2025-02-27 09:53:23.322  INFO 1795 --- [main] c.e.s.StudentLmsPostgreApplication       : Starting StudentLmsPostgreApplication using Java 23.0.2 on Keerthis-MacBook-Pro.local with PID 1795 (/Users/keerthisureka/Documents/tasks/student-lms-postgre/target/classes started by keerthisureka in /Users/keerthisureka/Documents/tasks/student-lms-postgre)
2025-02-27 09:53:23.324  INFO 1795 --- [main] c.e.s.StudentLmsPostgreApplication       : No active profile set, falling back to 1 default profile: "default"
2025-02-27 09:53:23.812  INFO 1795 --- [main] .s.d.r.c.RepositoryConfigurationDelegate : Bootstrapping Spring Data JPA repositories in DEFAULT mode.
2025-02-27 09:53:23.867  INFO 1795 --- [main] .s.d.r.c.RepositoryConfigurationDelegate : Finished Spring Data repository scanning in 45 ms. Found 5 JPA repository interfaces.
2025-02-27 09:53:24.375  INFO 1795 --- [main] o.s.b.w.embedded.tomcat.TomcatWebServer  : Tomcat initialized with port(s): 8080 (http)
2025-02-27 09:53:24.383  INFO 1795 --- [main] o.apache.catalina.core.StandardService   : Starting service [Tomcat]
2025-02-27 09:53:24.384  INFO 1795 --- [main] org.apache.catalina.core.StandardEngine  : Starting Servlet engine: [Apache Tomcat/9.0.83]
2025-02-27 09:53:24.454  INFO 1795 --- [main] o.a.c.c.C.[Tomcat].[localhost].[/]       : Initializing Spring embedded WebApplicationContext
2025-02-27 09:53:24.454  INFO 1795 --- [main] w.s.c.ServletWebServerApplicationContext : Root WebApplicationContext: initialization completed in 1087 ms
2025-02-27 09:53:24.875  INFO 1795 --- [main] com.zaxxer.hikari.HikariDataSource       : HikariPool-1 - Starting...
2025-02-27 09:53:24.936  INFO 1795 --- [main] com.zaxxer.hikari.HikariDataSource       : HikariPool-1 - Start completed.
2025-02-27 09:53:25.425  INFO 1795 --- [main] j.LocalContainerEntityManagerFactoryBean : Initialized JPA EntityManagerFactory for persistence unit 'default'
2025-02-27 09:53:25.950  WARN 1795 --- [main] JpaBaseConfiguration$JpaWebConfiguration : spring.jpa.open-in-view is enabled by default. Therefore, database queries may be performed during view rendering. Explicitly configure spring.jpa.open-in-view to disable this warning
2025-02-27 09:53:26.962  INFO 1795 --- [main] o.s.b.w.embedded.tomcat.TomcatWebServer  : Tomcat started on port(s): 8080 (http) with context path ''
2025-02-27 09:53:26.970  INFO 1795 --- [main] c.e.s.StudentLmsPostgreApplication       : Started StudentLmsPostgreApplication in 9.023 seconds (JVM running for 9.457)
2025-02-27 09:54:07.786  INFO 1795 --- [SpringApplicationShutdownHook] j.LocalContainerEntityManagerFactoryBean : Closing JPA EntityManagerFactory for persistence unit 'default'
2025-02-27 09:54:07.787  INFO 1795 --- [SpringApplicationShutdownHook] com.zaxxer.hikari.HikariDataSource       : HikariPool-1 - Shutdown initiated...
2025-02-27 09:54:07.789  INFO 1795 --- [SpringApplicationShutdownHook] com.zaxxer.hikari.HikariDataSource       : HikariPool-1 - Shutdown completed.
