2025-03-02 16:18:38.341  INFO 8431 --- [main] c.e.s.StudentLmsMongoApplication         : Starting StudentLmsMongoApplication on Keerthis-MacBook-Pro.local with PID 8431 (/Users/keerthisureka/Documents/tasks/student-lms-mongo/target/classes started by keerthisureka in /Users/keerthisureka/Documents/tasks/student-lms-mongo)
2025-03-02 16:18:38.343  INFO 8431 --- [main] c.e.s.StudentLmsMongoApplication         : No active profile set, falling back to default profiles: default
2025-03-02 16:18:38.959  INFO 8431 --- [main] .s.d.r.c.RepositoryConfigurationDelegate : Bootstrapping Spring Data repositories in DEFAULT mode.
2025-03-02 16:18:39.018  INFO 8431 --- [main] .s.d.r.c.RepositoryConfigurationDelegate : Finished Spring Data repository scanning in 55ms. Found 4 repository interfaces.
2025-03-02 16:18:39.529  INFO 8431 --- [main] o.s.b.w.embedded.tomcat.TomcatWebServer  : Tomcat initialized with port(s): 8080 (http)
2025-03-02 16:18:39.541  INFO 8431 --- [main] o.apache.catalina.core.StandardService   : Starting service [Tomcat]
2025-03-02 16:18:39.541  INFO 8431 --- [main] org.apache.catalina.core.StandardEngine  : Starting Servlet engine: [Apache Tomcat/9.0.27]
2025-03-02 16:18:39.613  INFO 8431 --- [main] o.a.c.c.C.[Tomcat].[localhost].[/]       : Initializing Spring embedded WebApplicationContext
2025-03-02 16:18:39.613  INFO 8431 --- [main] o.s.web.context.ContextLoader            : Root WebApplicationContext: initialization completed in 1232 ms
2025-03-02 16:18:39.867  INFO 8431 --- [main] org.mongodb.driver.cluster               : Cluster created with settings {hosts=[localhost:27017], mode=MULTIPLE, requiredClusterType=UNKNOWN, serverSelectionTimeout='30000 ms', maxWaitQueueSize=500}
2025-03-02 16:18:39.867  INFO 8431 --- [main] org.mongodb.driver.cluster               : Adding discovered server localhost:27017 to client view of cluster
2025-03-02 16:18:39.913  INFO 8431 --- [cluster-ClusterId{value='67c437873825e66fa1400ddb', description='null'}-localhost:27017] org.mongodb.driver.connection            : Opened connection [connectionId{localValue:1, serverValue:1}] to localhost:27017
2025-03-02 16:18:39.916  INFO 8431 --- [cluster-ClusterId{value='67c437873825e66fa1400ddb', description='null'}-localhost:27017] org.mongodb.driver.cluster               : Monitor thread successfully connected to server with description ServerDescription{address=localhost:27017, type=STANDALONE, state=CONNECTED, ok=true, version=ServerVersion{versionList=[4, 4, 29]}, minWireVersion=0, maxWireVersion=9, maxDocumentSize=16777216, logicalSessionTimeoutMinutes=30, roundTripTimeNanos=2583226}
2025-03-02 16:18:39.917  INFO 8431 --- [cluster-ClusterId{value='67c437873825e66fa1400ddb', description='null'}-localhost:27017] org.mongodb.driver.cluster               : Discovered cluster type of STANDALONE
2025-03-02 16:18:39.956  WARN 8431 --- [main] o.s.data.convert.CustomConversions       : Registering converter from class java.time.LocalDateTime to class java.time.Instant as reading converter although it doesn't convert from a store-supported type! You might wanna check you annotation setup at the converter implementation.
2025-03-02 16:18:39.957  WARN 8431 --- [main] o.s.data.convert.CustomConversions       : Registering converter from class java.time.Instant to class java.time.LocalDateTime as reading converter although it doesn't convert from a store-supported type! You might wanna check you annotation setup at the converter implementation.
2025-03-02 16:18:40.005  WARN 8431 --- [main] o.s.data.convert.CustomConversions       : Registering converter from class java.time.LocalDateTime to class java.time.Instant as reading converter although it doesn't convert from a store-supported type! You might wanna check you annotation setup at the converter implementation.
2025-03-02 16:18:40.005  WARN 8431 --- [main] o.s.data.convert.CustomConversions       : Registering converter from class java.time.Instant to class java.time.LocalDateTime as reading converter although it doesn't convert from a store-supported type! You might wanna check you annotation setup at the converter implementation.
2025-03-02 16:18:40.506  INFO 8431 --- [main] o.s.s.concurrent.ThreadPoolTaskExecutor  : Initializing ExecutorService 'applicationTaskExecutor'
2025-03-02 16:18:40.919  INFO 8431 --- [main] o.s.b.w.embedded.tomcat.TomcatWebServer  : Tomcat started on port(s): 8080 (http) with context path ''
2025-03-02 16:18:40.921  INFO 8431 --- [main] c.e.s.StudentLmsMongoApplication         : Started StudentLmsMongoApplication in 8.055 seconds (JVM running for 8.599)
2025-03-02 16:21:34.510  INFO 8431 --- [SpringContextShutdownHook] o.s.s.concurrent.ThreadPoolTaskExecutor  : Shutting down ExecutorService 'applicationTaskExecutor'
2025-03-02 16:21:46.364  INFO 8607 --- [main] c.e.s.StudentLmsMongoApplication         : Starting StudentLmsMongoApplication on Keerthis-MacBook-Pro.local with PID 8607 (/Users/keerthisureka/Documents/tasks/student-lms-mongo/target/classes started by keerthisureka in /Users/keerthisureka/Documents/tasks/student-lms-mongo)
2025-03-02 16:21:46.366  INFO 8607 --- [main] c.e.s.StudentLmsMongoApplication         : No active profile set, falling back to default profiles: default
2025-03-02 16:21:46.957  INFO 8607 --- [main] .s.d.r.c.RepositoryConfigurationDelegate : Bootstrapping Spring Data repositories in DEFAULT mode.
2025-03-02 16:21:47.014  INFO 8607 --- [main] .s.d.r.c.RepositoryConfigurationDelegate : Finished Spring Data repository scanning in 53ms. Found 4 repository interfaces.
2025-03-02 16:21:47.479  INFO 8607 --- [main] o.s.b.w.embedded.tomcat.TomcatWebServer  : Tomcat initialized with port(s): 8082 (http)
2025-03-02 16:21:47.487  INFO 8607 --- [main] o.apache.catalina.core.StandardService   : Starting service [Tomcat]
2025-03-02 16:21:47.488  INFO 8607 --- [main] org.apache.catalina.core.StandardEngine  : Starting Servlet engine: [Apache Tomcat/9.0.27]
2025-03-02 16:21:47.558  INFO 8607 --- [main] o.a.c.c.C.[Tomcat].[localhost].[/]       : Initializing Spring embedded WebApplicationContext
2025-03-02 16:21:47.559  INFO 8607 --- [main] o.s.web.context.ContextLoader            : Root WebApplicationContext: initialization completed in 1152 ms
2025-03-02 16:21:47.761  INFO 8607 --- [main] org.mongodb.driver.cluster               : Cluster created with settings {hosts=[localhost:27017], mode=MULTIPLE, requiredClusterType=UNKNOWN, serverSelectionTimeout='30000 ms', maxWaitQueueSize=500}
2025-03-02 16:21:47.761  INFO 8607 --- [main] org.mongodb.driver.cluster               : Adding discovered server localhost:27017 to client view of cluster
2025-03-02 16:21:47.817  INFO 8607 --- [cluster-ClusterId{value='67c43843f3e9f3453da9822b', description='null'}-localhost:27017] org.mongodb.driver.connection            : Opened connection [connectionId{localValue:1, serverValue:12}] to localhost:27017
2025-03-02 16:21:47.821  INFO 8607 --- [cluster-ClusterId{value='67c43843f3e9f3453da9822b', description='null'}-localhost:27017] org.mongodb.driver.cluster               : Monitor thread successfully connected to server with description ServerDescription{address=localhost:27017, type=STANDALONE, state=CONNECTED, ok=true, version=ServerVersion{versionList=[4, 4, 29]}, minWireVersion=0, maxWireVersion=9, maxDocumentSize=16777216, logicalSessionTimeoutMinutes=30, roundTripTimeNanos=2418431}
2025-03-02 16:21:47.822  INFO 8607 --- [cluster-ClusterId{value='67c43843f3e9f3453da9822b', description='null'}-localhost:27017] org.mongodb.driver.cluster               : Discovered cluster type of STANDALONE
2025-03-02 16:21:47.857  WARN 8607 --- [main] o.s.data.convert.CustomConversions       : Registering converter from class java.time.LocalDateTime to class java.time.Instant as reading converter although it doesn't convert from a store-supported type! You might wanna check you annotation setup at the converter implementation.
2025-03-02 16:21:47.858  WARN 8607 --- [main] o.s.data.convert.CustomConversions       : Registering converter from class java.time.Instant to class java.time.LocalDateTime as reading converter although it doesn't convert from a store-supported type! You might wanna check you annotation setup at the converter implementation.
2025-03-02 16:21:47.908  WARN 8607 --- [main] o.s.data.convert.CustomConversions       : Registering converter from class java.time.LocalDateTime to class java.time.Instant as reading converter although it doesn't convert from a store-supported type! You might wanna check you annotation setup at the converter implementation.
2025-03-02 16:21:47.908  WARN 8607 --- [main] o.s.data.convert.CustomConversions       : Registering converter from class java.time.Instant to class java.time.LocalDateTime as reading converter although it doesn't convert from a store-supported type! You might wanna check you annotation setup at the converter implementation.
2025-03-02 16:21:48.383  INFO 8607 --- [main] o.s.s.concurrent.ThreadPoolTaskExecutor  : Initializing ExecutorService 'applicationTaskExecutor'
2025-03-02 16:21:48.766  INFO 8607 --- [main] o.s.b.w.embedded.tomcat.TomcatWebServer  : Tomcat started on port(s): 8082 (http) with context path ''
2025-03-02 16:21:48.767  INFO 8607 --- [main] c.e.s.StudentLmsMongoApplication         : Started StudentLmsMongoApplication in 7.698 seconds (JVM running for 8.066)
2025-03-02 16:22:13.639  INFO 8607 --- [http-nio-8082-exec-1] o.a.c.c.C.[Tomcat].[localhost].[/]       : Initializing Spring DispatcherServlet 'dispatcherServlet'
2025-03-02 16:22:13.640  INFO 8607 --- [http-nio-8082-exec-1] o.s.web.servlet.DispatcherServlet        : Initializing Servlet 'dispatcherServlet'
2025-03-02 16:22:13.648  INFO 8607 --- [http-nio-8082-exec-1] o.s.web.servlet.DispatcherServlet        : Completed initialization in 8 ms
2025-03-02 16:30:09.021  INFO 8607 --- [SpringContextShutdownHook] o.s.s.concurrent.ThreadPoolTaskExecutor  : Shutting down ExecutorService 'applicationTaskExecutor'
2025-03-02 16:30:20.878  INFO 8992 --- [main] c.e.s.StudentLmsMongoApplication         : Starting StudentLmsMongoApplication on Keerthis-MacBook-Pro.local with PID 8992 (/Users/keerthisureka/Documents/tasks/student-lms-mongo/target/classes started by keerthisureka in /Users/keerthisureka/Documents/tasks/student-lms-mongo)
2025-03-02 16:30:20.880  INFO 8992 --- [main] c.e.s.StudentLmsMongoApplication         : No active profile set, falling back to default profiles: default
2025-03-02 16:30:21.458  INFO 8992 --- [main] .s.d.r.c.RepositoryConfigurationDelegate : Bootstrapping Spring Data repositories in DEFAULT mode.
2025-03-02 16:30:21.514  INFO 8992 --- [main] .s.d.r.c.RepositoryConfigurationDelegate : Finished Spring Data repository scanning in 51ms. Found 4 repository interfaces.
2025-03-02 16:30:21.971  INFO 8992 --- [main] o.s.b.w.embedded.tomcat.TomcatWebServer  : Tomcat initialized with port(s): 8082 (http)
2025-03-02 16:30:21.979  INFO 8992 --- [main] o.apache.catalina.core.StandardService   : Starting service [Tomcat]
2025-03-02 16:30:21.979  INFO 8992 --- [main] org.apache.catalina.core.StandardEngine  : Starting Servlet engine: [Apache Tomcat/9.0.27]
2025-03-02 16:30:22.040  INFO 8992 --- [main] o.a.c.c.C.[Tomcat].[localhost].[/]       : Initializing Spring embedded WebApplicationContext
2025-03-02 16:30:22.040  INFO 8992 --- [main] o.s.web.context.ContextLoader            : Root WebApplicationContext: initialization completed in 1119 ms
2025-03-02 16:30:22.253  INFO 8992 --- [main] org.mongodb.driver.cluster               : Cluster created with settings {hosts=[localhost:27017], mode=MULTIPLE, requiredClusterType=UNKNOWN, serverSelectionTimeout='30000 ms', maxWaitQueueSize=500}
2025-03-02 16:30:22.253  INFO 8992 --- [main] org.mongodb.driver.cluster               : Adding discovered server localhost:27017 to client view of cluster
2025-03-02 16:30:22.309  INFO 8992 --- [cluster-ClusterId{value='67c43a467cb1104cf75ed3e9', description='null'}-localhost:27017] org.mongodb.driver.connection            : Opened connection [connectionId{localValue:1, serverValue:13}] to localhost:27017
2025-03-02 16:30:22.314  INFO 8992 --- [cluster-ClusterId{value='67c43a467cb1104cf75ed3e9', description='null'}-localhost:27017] org.mongodb.driver.cluster               : Monitor thread successfully connected to server with description ServerDescription{address=localhost:27017, type=STANDALONE, state=CONNECTED, ok=true, version=ServerVersion{versionList=[4, 4, 29]}, minWireVersion=0, maxWireVersion=9, maxDocumentSize=16777216, logicalSessionTimeoutMinutes=30, roundTripTimeNanos=4302761}
2025-03-02 16:30:22.315  INFO 8992 --- [cluster-ClusterId{value='67c43a467cb1104cf75ed3e9', description='null'}-localhost:27017] org.mongodb.driver.cluster               : Discovered cluster type of STANDALONE
2025-03-02 16:30:22.356  WARN 8992 --- [main] o.s.data.convert.CustomConversions       : Registering converter from class java.time.LocalDateTime to class java.time.Instant as reading converter although it doesn't convert from a store-supported type! You might wanna check you annotation setup at the converter implementation.
2025-03-02 16:30:22.356  WARN 8992 --- [main] o.s.data.convert.CustomConversions       : Registering converter from class java.time.Instant to class java.time.LocalDateTime as reading converter although it doesn't convert from a store-supported type! You might wanna check you annotation setup at the converter implementation.
2025-03-02 16:30:22.410  WARN 8992 --- [main] o.s.data.convert.CustomConversions       : Registering converter from class java.time.LocalDateTime to class java.time.Instant as reading converter although it doesn't convert from a store-supported type! You might wanna check you annotation setup at the converter implementation.
2025-03-02 16:30:22.410  WARN 8992 --- [main] o.s.data.convert.CustomConversions       : Registering converter from class java.time.Instant to class java.time.LocalDateTime as reading converter although it doesn't convert from a store-supported type! You might wanna check you annotation setup at the converter implementation.
2025-03-02 16:30:22.881  INFO 8992 --- [main] o.s.s.concurrent.ThreadPoolTaskExecutor  : Initializing ExecutorService 'applicationTaskExecutor'
2025-03-02 16:30:23.281  INFO 8992 --- [main] o.s.b.w.embedded.tomcat.TomcatWebServer  : Tomcat started on port(s): 8082 (http) with context path ''
2025-03-02 16:30:23.283  INFO 8992 --- [main] c.e.s.StudentLmsMongoApplication         : Started StudentLmsMongoApplication in 7.725 seconds (JVM running for 8.087)
2025-03-02 16:30:26.896  INFO 8992 --- [http-nio-8082-exec-1] o.a.c.c.C.[Tomcat].[localhost].[/]       : Initializing Spring DispatcherServlet 'dispatcherServlet'
2025-03-02 16:30:26.897  INFO 8992 --- [http-nio-8082-exec-1] o.s.web.servlet.DispatcherServlet        : Initializing Servlet 'dispatcherServlet'
2025-03-02 16:30:26.901  INFO 8992 --- [http-nio-8082-exec-1] o.s.web.servlet.DispatcherServlet        : Completed initialization in 4 ms
2025-03-02 16:31:41.345  INFO 8992 --- [SpringContextShutdownHook] o.s.s.concurrent.ThreadPoolTaskExecutor  : Shutting down ExecutorService 'applicationTaskExecutor'
2025-03-02 16:32:42.539  INFO 9155 --- [main] c.e.s.StudentLmsMongoApplication         : Starting StudentLmsMongoApplication on Keerthis-MacBook-Pro.local with PID 9155 (/Users/keerthisureka/Documents/tasks/student-lms-mongo/target/classes started by keerthisureka in /Users/keerthisureka/Documents/tasks/student-lms-mongo)
2025-03-02 16:32:42.540  INFO 9155 --- [main] c.e.s.StudentLmsMongoApplication         : No active profile set, falling back to default profiles: default
2025-03-02 16:32:43.437  INFO 9155 --- [main] .s.d.r.c.RepositoryConfigurationDelegate : Bootstrapping Spring Data repositories in DEFAULT mode.
2025-03-02 16:32:43.523  INFO 9155 --- [main] .s.d.r.c.RepositoryConfigurationDelegate : Finished Spring Data repository scanning in 82ms. Found 4 repository interfaces.
2025-03-02 16:32:44.161  INFO 9155 --- [main] o.s.b.w.embedded.tomcat.TomcatWebServer  : Tomcat initialized with port(s): 8082 (http)
2025-03-02 16:32:44.169  INFO 9155 --- [main] o.apache.catalina.core.StandardService   : Starting service [Tomcat]
2025-03-02 16:32:44.170  INFO 9155 --- [main] org.apache.catalina.core.StandardEngine  : Starting Servlet engine: [Apache Tomcat/9.0.27]
2025-03-02 16:32:44.222  INFO 9155 --- [main] o.a.c.c.C.[Tomcat].[localhost].[/]       : Initializing Spring embedded WebApplicationContext
2025-03-02 16:32:44.222  INFO 9155 --- [main] o.s.web.context.ContextLoader            : Root WebApplicationContext: initialization completed in 1647 ms
2025-03-02 16:32:44.413  INFO 9155 --- [main] org.mongodb.driver.cluster               : Cluster created with settings {hosts=[localhost:27017], mode=MULTIPLE, requiredClusterType=UNKNOWN, serverSelectionTimeout='30000 ms', maxWaitQueueSize=500}
2025-03-02 16:32:44.413  INFO 9155 --- [main] org.mongodb.driver.cluster               : Adding discovered server localhost:27017 to client view of cluster
2025-03-02 16:32:44.466  INFO 9155 --- [cluster-ClusterId{value='67c43ad4cb7ec47c5ba38d01', description='null'}-localhost:27017] org.mongodb.driver.connection            : Opened connection [connectionId{localValue:1, serverValue:14}] to localhost:27017
2025-03-02 16:32:44.469  INFO 9155 --- [cluster-ClusterId{value='67c43ad4cb7ec47c5ba38d01', description='null'}-localhost:27017] org.mongodb.driver.cluster               : Monitor thread successfully connected to server with description ServerDescription{address=localhost:27017, type=STANDALONE, state=CONNECTED, ok=true, version=ServerVersion{versionList=[4, 4, 29]}, minWireVersion=0, maxWireVersion=9, maxDocumentSize=16777216, logicalSessionTimeoutMinutes=30, roundTripTimeNanos=1915471}
2025-03-02 16:32:44.469  INFO 9155 --- [cluster-ClusterId{value='67c43ad4cb7ec47c5ba38d01', description='null'}-localhost:27017] org.mongodb.driver.cluster               : Discovered cluster type of STANDALONE
2025-03-02 16:32:44.497  WARN 9155 --- [main] o.s.data.convert.CustomConversions       : Registering converter from class java.time.LocalDateTime to class java.time.Instant as reading converter although it doesn't convert from a store-supported type! You might wanna check you annotation setup at the converter implementation.
2025-03-02 16:32:44.498  WARN 9155 --- [main] o.s.data.convert.CustomConversions       : Registering converter from class java.time.Instant to class java.time.LocalDateTime as reading converter although it doesn't convert from a store-supported type! You might wanna check you annotation setup at the converter implementation.
2025-03-02 16:32:44.549  WARN 9155 --- [main] o.s.data.convert.CustomConversions       : Registering converter from class java.time.LocalDateTime to class java.time.Instant as reading converter although it doesn't convert from a store-supported type! You might wanna check you annotation setup at the converter implementation.
2025-03-02 16:32:44.549  WARN 9155 --- [main] o.s.data.convert.CustomConversions       : Registering converter from class java.time.Instant to class java.time.LocalDateTime as reading converter although it doesn't convert from a store-supported type! You might wanna check you annotation setup at the converter implementation.
2025-03-02 16:32:44.992  INFO 9155 --- [main] o.s.s.concurrent.ThreadPoolTaskExecutor  : Initializing ExecutorService 'applicationTaskExecutor'
2025-03-02 16:32:45.377  INFO 9155 --- [main] o.s.b.w.embedded.tomcat.TomcatWebServer  : Tomcat started on port(s): 8082 (http) with context path ''
2025-03-02 16:32:45.379  INFO 9155 --- [main] c.e.s.StudentLmsMongoApplication         : Started StudentLmsMongoApplication in 8.108 seconds (JVM running for 8.436)
2025-03-02 16:32:56.819  INFO 9155 --- [http-nio-8082-exec-1] o.a.c.c.C.[Tomcat].[localhost].[/]       : Initializing Spring DispatcherServlet 'dispatcherServlet'
2025-03-02 16:32:56.820  INFO 9155 --- [http-nio-8082-exec-1] o.s.web.servlet.DispatcherServlet        : Initializing Servlet 'dispatcherServlet'
2025-03-02 16:32:56.826  INFO 9155 --- [http-nio-8082-exec-1] o.s.web.servlet.DispatcherServlet        : Completed initialization in 6 ms
2025-03-02 16:33:36.908  INFO 9155 --- [http-nio-8082-exec-6] org.mongodb.driver.connection            : Opened connection [connectionId{localValue:2, serverValue:15}] to localhost:27017
2025-03-02 16:39:10.107  INFO 9155 --- [SpringContextShutdownHook] o.s.s.concurrent.ThreadPoolTaskExecutor  : Shutting down ExecutorService 'applicationTaskExecutor'
2025-03-02 16:39:10.111  INFO 9155 --- [SpringContextShutdownHook] org.mongodb.driver.connection            : Closed connection [connectionId{localValue:2, serverValue:15}] to localhost:27017 because the pool has been closed.
2025-03-02 16:39:19.042  INFO 9427 --- [main] c.e.s.StudentLmsMongoApplication         : Starting StudentLmsMongoApplication on Keerthis-MacBook-Pro.local with PID 9427 (/Users/keerthisureka/Documents/tasks/student-lms-mongo/target/classes started by keerthisureka in /Users/keerthisureka/Documents/tasks/student-lms-mongo)
2025-03-02 16:39:19.044  INFO 9427 --- [main] c.e.s.StudentLmsMongoApplication         : No active profile set, falling back to default profiles: default
2025-03-02 16:39:19.595  INFO 9427 --- [main] .s.d.r.c.RepositoryConfigurationDelegate : Bootstrapping Spring Data repositories in DEFAULT mode.
2025-03-02 16:39:19.648  INFO 9427 --- [main] .s.d.r.c.RepositoryConfigurationDelegate : Finished Spring Data repository scanning in 49ms. Found 4 repository interfaces.
2025-03-02 16:39:20.083  INFO 9427 --- [main] o.s.b.w.embedded.tomcat.TomcatWebServer  : Tomcat initialized with port(s): 8082 (http)
2025-03-02 16:39:20.089  INFO 9427 --- [main] o.apache.catalina.core.StandardService   : Starting service [Tomcat]
2025-03-02 16:39:20.090  INFO 9427 --- [main] org.apache.catalina.core.StandardEngine  : Starting Servlet engine: [Apache Tomcat/9.0.27]
2025-03-02 16:39:20.137  INFO 9427 --- [main] o.a.c.c.C.[Tomcat].[localhost].[/]       : Initializing Spring embedded WebApplicationContext
2025-03-02 16:39:20.137  INFO 9427 --- [main] o.s.web.context.ContextLoader            : Root WebApplicationContext: initialization completed in 1051 ms
2025-03-02 16:39:20.323  INFO 9427 --- [main] org.mongodb.driver.cluster               : Cluster created with settings {hosts=[localhost:27017], mode=MULTIPLE, requiredClusterType=UNKNOWN, serverSelectionTimeout='30000 ms', maxWaitQueueSize=500}
2025-03-02 16:39:20.323  INFO 9427 --- [main] org.mongodb.driver.cluster               : Adding discovered server localhost:27017 to client view of cluster
2025-03-02 16:39:20.376  INFO 9427 --- [cluster-ClusterId{value='67c43c6059acda1bb3f115ad', description='null'}-localhost:27017] org.mongodb.driver.connection            : Opened connection [connectionId{localValue:1, serverValue:16}] to localhost:27017
2025-03-02 16:39:20.380  INFO 9427 --- [cluster-ClusterId{value='67c43c6059acda1bb3f115ad', description='null'}-localhost:27017] org.mongodb.driver.cluster               : Monitor thread successfully connected to server with description ServerDescription{address=localhost:27017, type=STANDALONE, state=CONNECTED, ok=true, version=ServerVersion{versionList=[4, 4, 29]}, minWireVersion=0, maxWireVersion=9, maxDocumentSize=16777216, logicalSessionTimeoutMinutes=30, roundTripTimeNanos=2846318}
2025-03-02 16:39:20.381  INFO 9427 --- [cluster-ClusterId{value='67c43c6059acda1bb3f115ad', description='null'}-localhost:27017] org.mongodb.driver.cluster               : Discovered cluster type of STANDALONE
2025-03-02 16:39:20.415  WARN 9427 --- [main] o.s.data.convert.CustomConversions       : Registering converter from class java.time.LocalDateTime to class java.time.Instant as reading converter although it doesn't convert from a store-supported type! You might wanna check you annotation setup at the converter implementation.
2025-03-02 16:39:20.416  WARN 9427 --- [main] o.s.data.convert.CustomConversions       : Registering converter from class java.time.Instant to class java.time.LocalDateTime as reading converter although it doesn't convert from a store-supported type! You might wanna check you annotation setup at the converter implementation.
2025-03-02 16:39:20.463  WARN 9427 --- [main] o.s.data.convert.CustomConversions       : Registering converter from class java.time.LocalDateTime to class java.time.Instant as reading converter although it doesn't convert from a store-supported type! You might wanna check you annotation setup at the converter implementation.
2025-03-02 16:39:20.463  WARN 9427 --- [main] o.s.data.convert.CustomConversions       : Registering converter from class java.time.Instant to class java.time.LocalDateTime as reading converter although it doesn't convert from a store-supported type! You might wanna check you annotation setup at the converter implementation.
2025-03-02 16:39:20.903  INFO 9427 --- [main] o.s.s.concurrent.ThreadPoolTaskExecutor  : Initializing ExecutorService 'applicationTaskExecutor'
2025-03-02 16:39:21.292  INFO 9427 --- [main] o.s.b.w.embedded.tomcat.TomcatWebServer  : Tomcat started on port(s): 8082 (http) with context path ''
2025-03-02 16:39:21.294  INFO 9427 --- [main] c.e.s.StudentLmsMongoApplication         : Started StudentLmsMongoApplication in 7.517 seconds (JVM running for 7.885)
2025-03-02 16:39:24.354  INFO 9427 --- [http-nio-8082-exec-1] o.a.c.c.C.[Tomcat].[localhost].[/]       : Initializing Spring DispatcherServlet 'dispatcherServlet'
2025-03-02 16:39:24.354  INFO 9427 --- [http-nio-8082-exec-1] o.s.web.servlet.DispatcherServlet        : Initializing Servlet 'dispatcherServlet'
2025-03-02 16:39:24.359  INFO 9427 --- [http-nio-8082-exec-1] o.s.web.servlet.DispatcherServlet        : Completed initialization in 5 ms
2025-03-02 16:40:03.765  INFO 9427 --- [http-nio-8082-exec-6] org.mongodb.driver.connection            : Opened connection [connectionId{localValue:2, serverValue:17}] to localhost:27017
2025-03-02 16:42:27.949  INFO 9427 --- [SpringContextShutdownHook] o.s.s.concurrent.ThreadPoolTaskExecutor  : Shutting down ExecutorService 'applicationTaskExecutor'
2025-03-02 16:42:27.953  INFO 9427 --- [SpringContextShutdownHook] org.mongodb.driver.connection            : Closed connection [connectionId{localValue:2, serverValue:17}] to localhost:27017 because the pool has been closed.
2025-03-02 16:42:36.643  INFO 9528 --- [main] c.e.s.StudentLmsMongoApplication         : Starting StudentLmsMongoApplication on Keerthis-MacBook-Pro.local with PID 9528 (/Users/keerthisureka/Documents/tasks/student-lms-mongo/target/classes started by keerthisureka in /Users/keerthisureka/Documents/tasks/student-lms-mongo)
2025-03-02 16:42:36.645  INFO 9528 --- [main] c.e.s.StudentLmsMongoApplication         : No active profile set, falling back to default profiles: default
2025-03-02 16:42:37.180  INFO 9528 --- [main] .s.d.r.c.RepositoryConfigurationDelegate : Bootstrapping Spring Data repositories in DEFAULT mode.
2025-03-02 16:42:37.232  INFO 9528 --- [main] .s.d.r.c.RepositoryConfigurationDelegate : Finished Spring Data repository scanning in 48ms. Found 4 repository interfaces.
2025-03-02 16:42:37.674  INFO 9528 --- [main] o.s.b.w.embedded.tomcat.TomcatWebServer  : Tomcat initialized with port(s): 8082 (http)
2025-03-02 16:42:37.682  INFO 9528 --- [main] o.apache.catalina.core.StandardService   : Starting service [Tomcat]
2025-03-02 16:42:37.682  INFO 9528 --- [main] org.apache.catalina.core.StandardEngine  : Starting Servlet engine: [Apache Tomcat/9.0.27]
2025-03-02 16:42:37.737  INFO 9528 --- [main] o.a.c.c.C.[Tomcat].[localhost].[/]       : Initializing Spring embedded WebApplicationContext
2025-03-02 16:42:37.737  INFO 9528 --- [main] o.s.web.context.ContextLoader            : Root WebApplicationContext: initialization completed in 1055 ms
2025-03-02 16:42:37.908  INFO 9528 --- [main] org.mongodb.driver.cluster               : Cluster created with settings {hosts=[localhost:27017], mode=MULTIPLE, requiredClusterType=UNKNOWN, serverSelectionTimeout='30000 ms', maxWaitQueueSize=500}
2025-03-02 16:42:37.908  INFO 9528 --- [main] org.mongodb.driver.cluster               : Adding discovered server localhost:27017 to client view of cluster
2025-03-02 16:42:37.960  INFO 9528 --- [cluster-ClusterId{value='67c43d25a5dd897b023fead9', description='null'}-localhost:27017] org.mongodb.driver.connection            : Opened connection [connectionId{localValue:1, serverValue:18}] to localhost:27017
2025-03-02 16:42:37.963  INFO 9528 --- [cluster-ClusterId{value='67c43d25a5dd897b023fead9', description='null'}-localhost:27017] org.mongodb.driver.cluster               : Monitor thread successfully connected to server with description ServerDescription{address=localhost:27017, type=STANDALONE, state=CONNECTED, ok=true, version=ServerVersion{versionList=[4, 4, 29]}, minWireVersion=0, maxWireVersion=9, maxDocumentSize=16777216, logicalSessionTimeoutMinutes=30, roundTripTimeNanos=2002528}
2025-03-02 16:42:37.964  INFO 9528 --- [cluster-ClusterId{value='67c43d25a5dd897b023fead9', description='null'}-localhost:27017] org.mongodb.driver.cluster               : Discovered cluster type of STANDALONE
2025-03-02 16:42:37.996  WARN 9528 --- [main] o.s.data.convert.CustomConversions       : Registering converter from class java.time.LocalDateTime to class java.time.Instant as reading converter although it doesn't convert from a store-supported type! You might wanna check you annotation setup at the converter implementation.
2025-03-02 16:42:37.996  WARN 9528 --- [main] o.s.data.convert.CustomConversions       : Registering converter from class java.time.Instant to class java.time.LocalDateTime as reading converter although it doesn't convert from a store-supported type! You might wanna check you annotation setup at the converter implementation.
2025-03-02 16:42:38.049  WARN 9528 --- [main] o.s.data.convert.CustomConversions       : Registering converter from class java.time.LocalDateTime to class java.time.Instant as reading converter although it doesn't convert from a store-supported type! You might wanna check you annotation setup at the converter implementation.
2025-03-02 16:42:38.049  WARN 9528 --- [main] o.s.data.convert.CustomConversions       : Registering converter from class java.time.Instant to class java.time.LocalDateTime as reading converter although it doesn't convert from a store-supported type! You might wanna check you annotation setup at the converter implementation.
2025-03-02 16:42:38.513  INFO 9528 --- [main] o.s.s.concurrent.ThreadPoolTaskExecutor  : Initializing ExecutorService 'applicationTaskExecutor'
2025-03-02 16:42:38.918  INFO 9528 --- [main] o.s.b.w.embedded.tomcat.TomcatWebServer  : Tomcat started on port(s): 8082 (http) with context path ''
2025-03-02 16:42:38.920  INFO 9528 --- [main] c.e.s.StudentLmsMongoApplication         : Started StudentLmsMongoApplication in 7.535 seconds (JVM running for 7.86)
2025-03-02 16:42:53.201  INFO 9528 --- [http-nio-8082-exec-1] o.a.c.c.C.[Tomcat].[localhost].[/]       : Initializing Spring DispatcherServlet 'dispatcherServlet'
2025-03-02 16:42:53.202  INFO 9528 --- [http-nio-8082-exec-1] o.s.web.servlet.DispatcherServlet        : Initializing Servlet 'dispatcherServlet'
2025-03-02 16:42:53.206  INFO 9528 --- [http-nio-8082-exec-1] o.s.web.servlet.DispatcherServlet        : Completed initialization in 4 ms
2025-03-02 16:42:53.277  INFO 9528 --- [http-nio-8082-exec-1] org.mongodb.driver.connection            : Opened connection [connectionId{localValue:2, serverValue:19}] to localhost:27017
2025-03-02 17:04:00.044  INFO 9528 --- [SpringContextShutdownHook] o.s.s.concurrent.ThreadPoolTaskExecutor  : Shutting down ExecutorService 'applicationTaskExecutor'
2025-03-02 17:04:00.048  INFO 9528 --- [SpringContextShutdownHook] org.mongodb.driver.connection            : Closed connection [connectionId{localValue:2, serverValue:19}] to localhost:27017 because the pool has been closed.
2025-03-02 17:04:13.073  INFO 10134 --- [main] c.e.s.StudentLmsMongoApplication         : Starting StudentLmsMongoApplication on Keerthis-MacBook-Pro.local with PID 10134 (/Users/keerthisureka/Documents/tasks/student-lms-mongo/target/classes started by keerthisureka in /Users/keerthisureka/Documents/tasks/student-lms-mongo)
2025-03-02 17:04:13.075  INFO 10134 --- [main] c.e.s.StudentLmsMongoApplication         : No active profile set, falling back to default profiles: default
2025-03-02 17:04:13.656  INFO 10134 --- [main] .s.d.r.c.RepositoryConfigurationDelegate : Bootstrapping Spring Data repositories in DEFAULT mode.
2025-03-02 17:04:13.709  INFO 10134 --- [main] .s.d.r.c.RepositoryConfigurationDelegate : Finished Spring Data repository scanning in 50ms. Found 4 repository interfaces.
2025-03-02 17:04:14.148  INFO 10134 --- [main] o.s.b.w.embedded.tomcat.TomcatWebServer  : Tomcat initialized with port(s): 8082 (http)
2025-03-02 17:04:14.156  INFO 10134 --- [main] o.apache.catalina.core.StandardService   : Starting service [Tomcat]
2025-03-02 17:04:14.156  INFO 10134 --- [main] org.apache.catalina.core.StandardEngine  : Starting Servlet engine: [Apache Tomcat/9.0.27]
2025-03-02 17:04:14.207  INFO 10134 --- [main] o.a.c.c.C.[Tomcat].[localhost].[/]       : Initializing Spring embedded WebApplicationContext
2025-03-02 17:04:14.207  INFO 10134 --- [main] o.s.web.context.ContextLoader            : Root WebApplicationContext: initialization completed in 1075 ms
2025-03-02 17:04:14.422  INFO 10134 --- [main] org.mongodb.driver.cluster               : Cluster created with settings {hosts=[localhost:27017], mode=MULTIPLE, requiredClusterType=UNKNOWN, serverSelectionTimeout='30000 ms', maxWaitQueueSize=500}
2025-03-02 17:04:14.422  INFO 10134 --- [main] org.mongodb.driver.cluster               : Adding discovered server localhost:27017 to client view of cluster
2025-03-02 17:04:14.465  INFO 10134 --- [cluster-ClusterId{value='67c442366b33ba096d7cb2c9', description='null'}-localhost:27017] org.mongodb.driver.connection            : Opened connection [connectionId{localValue:1, serverValue:20}] to localhost:27017
2025-03-02 17:04:14.468  INFO 10134 --- [cluster-ClusterId{value='67c442366b33ba096d7cb2c9', description='null'}-localhost:27017] org.mongodb.driver.cluster               : Monitor thread successfully connected to server with description ServerDescription{address=localhost:27017, type=STANDALONE, state=CONNECTED, ok=true, version=ServerVersion{versionList=[4, 4, 29]}, minWireVersion=0, maxWireVersion=9, maxDocumentSize=16777216, logicalSessionTimeoutMinutes=30, roundTripTimeNanos=1828185}
2025-03-02 17:04:14.468  INFO 10134 --- [cluster-ClusterId{value='67c442366b33ba096d7cb2c9', description='null'}-localhost:27017] org.mongodb.driver.cluster               : Discovered cluster type of STANDALONE
2025-03-02 17:04:14.495  WARN 10134 --- [main] o.s.data.convert.CustomConversions       : Registering converter from class java.time.LocalDateTime to class java.time.Instant as reading converter although it doesn't convert from a store-supported type! You might wanna check you annotation setup at the converter implementation.
2025-03-02 17:04:14.495  WARN 10134 --- [main] o.s.data.convert.CustomConversions       : Registering converter from class java.time.Instant to class java.time.LocalDateTime as reading converter although it doesn't convert from a store-supported type! You might wanna check you annotation setup at the converter implementation.
2025-03-02 17:04:14.546  WARN 10134 --- [main] o.s.data.convert.CustomConversions       : Registering converter from class java.time.LocalDateTime to class java.time.Instant as reading converter although it doesn't convert from a store-supported type! You might wanna check you annotation setup at the converter implementation.
2025-03-02 17:04:14.546  WARN 10134 --- [main] o.s.data.convert.CustomConversions       : Registering converter from class java.time.Instant to class java.time.LocalDateTime as reading converter although it doesn't convert from a store-supported type! You might wanna check you annotation setup at the converter implementation.
2025-03-02 17:04:15.036  INFO 10134 --- [main] o.s.s.concurrent.ThreadPoolTaskExecutor  : Initializing ExecutorService 'applicationTaskExecutor'
2025-03-02 17:04:15.454  INFO 10134 --- [main] o.s.b.w.embedded.tomcat.TomcatWebServer  : Tomcat started on port(s): 8082 (http) with context path ''
2025-03-02 17:04:15.456  INFO 10134 --- [main] c.e.s.StudentLmsMongoApplication         : Started StudentLmsMongoApplication in 7.759 seconds (JVM running for 8.183)
2025-03-02 17:04:16.285  INFO 10134 --- [http-nio-8082-exec-1] o.a.c.c.C.[Tomcat].[localhost].[/]       : Initializing Spring DispatcherServlet 'dispatcherServlet'
2025-03-02 17:04:16.285  INFO 10134 --- [http-nio-8082-exec-1] o.s.web.servlet.DispatcherServlet        : Initializing Servlet 'dispatcherServlet'
2025-03-02 17:04:16.289  INFO 10134 --- [http-nio-8082-exec-1] o.s.web.servlet.DispatcherServlet        : Completed initialization in 3 ms
2025-03-02 17:05:32.251  INFO 10134 --- [http-nio-8082-exec-3] org.mongodb.driver.connection            : Opened connection [connectionId{localValue:2, serverValue:21}] to localhost:27017
2025-03-02 17:08:52.977  INFO 10134 --- [SpringContextShutdownHook] o.s.s.concurrent.ThreadPoolTaskExecutor  : Shutting down ExecutorService 'applicationTaskExecutor'
2025-03-02 17:08:52.980  INFO 10134 --- [SpringContextShutdownHook] org.mongodb.driver.connection            : Closed connection [connectionId{localValue:2, serverValue:21}] to localhost:27017 because the pool has been closed.
2025-03-02 17:09:02.216  INFO 10256 --- [main] c.e.s.StudentLmsMongoApplication         : Starting StudentLmsMongoApplication on Keerthis-MacBook-Pro.local with PID 10256 (/Users/keerthisureka/Documents/tasks/student-lms-mongo/target/classes started by keerthisureka in /Users/keerthisureka/Documents/tasks/student-lms-mongo)
2025-03-02 17:09:02.217  INFO 10256 --- [main] c.e.s.StudentLmsMongoApplication         : No active profile set, falling back to default profiles: default
2025-03-02 17:09:02.803  INFO 10256 --- [main] .s.d.r.c.RepositoryConfigurationDelegate : Bootstrapping Spring Data repositories in DEFAULT mode.
2025-03-02 17:09:02.853  INFO 10256 --- [main] .s.d.r.c.RepositoryConfigurationDelegate : Finished Spring Data repository scanning in 46ms. Found 4 repository interfaces.
2025-03-02 17:09:03.319  INFO 10256 --- [main] o.s.b.w.embedded.tomcat.TomcatWebServer  : Tomcat initialized with port(s): 8082 (http)
2025-03-02 17:09:03.327  INFO 10256 --- [main] o.apache.catalina.core.StandardService   : Starting service [Tomcat]
2025-03-02 17:09:03.327  INFO 10256 --- [main] org.apache.catalina.core.StandardEngine  : Starting Servlet engine: [Apache Tomcat/9.0.27]
2025-03-02 17:09:03.387  INFO 10256 --- [main] o.a.c.c.C.[Tomcat].[localhost].[/]       : Initializing Spring embedded WebApplicationContext
2025-03-02 17:09:03.387  INFO 10256 --- [main] o.s.web.context.ContextLoader            : Root WebApplicationContext: initialization completed in 1128 ms
2025-03-02 17:09:03.631  INFO 10256 --- [main] org.mongodb.driver.cluster               : Cluster created with settings {hosts=[localhost:27017], mode=MULTIPLE, requiredClusterType=UNKNOWN, serverSelectionTimeout='30000 ms', maxWaitQueueSize=500}
2025-03-02 17:09:03.632  INFO 10256 --- [main] org.mongodb.driver.cluster               : Adding discovered server localhost:27017 to client view of cluster
2025-03-02 17:09:03.686  INFO 10256 --- [cluster-ClusterId{value='67c443572841ff175b028c30', description='null'}-localhost:27017] org.mongodb.driver.connection            : Opened connection [connectionId{localValue:1, serverValue:22}] to localhost:27017
2025-03-02 17:09:03.689  INFO 10256 --- [cluster-ClusterId{value='67c443572841ff175b028c30', description='null'}-localhost:27017] org.mongodb.driver.cluster               : Monitor thread successfully connected to server with description ServerDescription{address=localhost:27017, type=STANDALONE, state=CONNECTED, ok=true, version=ServerVersion{versionList=[4, 4, 29]}, minWireVersion=0, maxWireVersion=9, maxDocumentSize=16777216, logicalSessionTimeoutMinutes=30, roundTripTimeNanos=2197983}
2025-03-02 17:09:03.690  INFO 10256 --- [cluster-ClusterId{value='67c443572841ff175b028c30', description='null'}-localhost:27017] org.mongodb.driver.cluster               : Discovered cluster type of STANDALONE
2025-03-02 17:09:03.719  WARN 10256 --- [main] o.s.data.convert.CustomConversions       : Registering converter from class java.time.LocalDateTime to class java.time.Instant as reading converter although it doesn't convert from a store-supported type! You might wanna check you annotation setup at the converter implementation.
2025-03-02 17:09:03.719  WARN 10256 --- [main] o.s.data.convert.CustomConversions       : Registering converter from class java.time.Instant to class java.time.LocalDateTime as reading converter although it doesn't convert from a store-supported type! You might wanna check you annotation setup at the converter implementation.
2025-03-02 17:09:03.776  WARN 10256 --- [main] o.s.data.convert.CustomConversions       : Registering converter from class java.time.LocalDateTime to class java.time.Instant as reading converter although it doesn't convert from a store-supported type! You might wanna check you annotation setup at the converter implementation.
2025-03-02 17:09:03.776  WARN 10256 --- [main] o.s.data.convert.CustomConversions       : Registering converter from class java.time.Instant to class java.time.LocalDateTime as reading converter although it doesn't convert from a store-supported type! You might wanna check you annotation setup at the converter implementation.
2025-03-02 17:09:04.279  INFO 10256 --- [main] o.s.s.concurrent.ThreadPoolTaskExecutor  : Initializing ExecutorService 'applicationTaskExecutor'
2025-03-02 17:09:04.752  INFO 10256 --- [main] o.s.b.w.embedded.tomcat.TomcatWebServer  : Tomcat started on port(s): 8082 (http) with context path ''
2025-03-02 17:09:04.755  INFO 10256 --- [main] c.e.s.StudentLmsMongoApplication         : Started StudentLmsMongoApplication in 7.796 seconds (JVM running for 8.118)
2025-03-02 17:09:06.437  INFO 10256 --- [http-nio-8082-exec-1] o.a.c.c.C.[Tomcat].[localhost].[/]       : Initializing Spring DispatcherServlet 'dispatcherServlet'
2025-03-02 17:09:06.438  INFO 10256 --- [http-nio-8082-exec-1] o.s.web.servlet.DispatcherServlet        : Initializing Servlet 'dispatcherServlet'
2025-03-02 17:09:06.442  INFO 10256 --- [http-nio-8082-exec-1] o.s.web.servlet.DispatcherServlet        : Completed initialization in 4 ms
2025-03-02 17:09:47.545  INFO 10256 --- [http-nio-8082-exec-6] org.mongodb.driver.connection            : Opened connection [connectionId{localValue:2, serverValue:23}] to localhost:27017
2025-03-02 17:19:44.384  INFO 10256 --- [SpringContextShutdownHook] o.s.s.concurrent.ThreadPoolTaskExecutor  : Shutting down ExecutorService 'applicationTaskExecutor'
2025-03-02 17:19:44.389  INFO 10256 --- [SpringContextShutdownHook] org.mongodb.driver.connection            : Closed connection [connectionId{localValue:2, serverValue:23}] to localhost:27017 because the pool has been closed.
2025-03-02 17:19:56.023  INFO 10434 --- [main] c.e.s.StudentLmsMongoApplication         : Starting StudentLmsMongoApplication on Keerthis-MacBook-Pro.local with PID 10434 (/Users/keerthisureka/Documents/tasks/student-lms-mongo/target/classes started by keerthisureka in /Users/keerthisureka/Documents/tasks/student-lms-mongo)
2025-03-02 17:19:56.025  INFO 10434 --- [main] c.e.s.StudentLmsMongoApplication         : No active profile set, falling back to default profiles: default
2025-03-02 17:19:56.640  INFO 10434 --- [main] .s.d.r.c.RepositoryConfigurationDelegate : Bootstrapping Spring Data repositories in DEFAULT mode.
2025-03-02 17:19:56.702  INFO 10434 --- [main] .s.d.r.c.RepositoryConfigurationDelegate : Finished Spring Data repository scanning in 57ms. Found 4 repository interfaces.
2025-03-02 17:19:57.222  INFO 10434 --- [main] o.s.b.w.embedded.tomcat.TomcatWebServer  : Tomcat initialized with port(s): 8082 (http)
2025-03-02 17:19:57.233  INFO 10434 --- [main] o.apache.catalina.core.StandardService   : Starting service [Tomcat]
2025-03-02 17:19:57.233  INFO 10434 --- [main] org.apache.catalina.core.StandardEngine  : Starting Servlet engine: [Apache Tomcat/9.0.27]
2025-03-02 17:19:57.303  INFO 10434 --- [main] o.a.c.c.C.[Tomcat].[localhost].[/]       : Initializing Spring embedded WebApplicationContext
2025-03-02 17:19:57.303  INFO 10434 --- [main] o.s.web.context.ContextLoader            : Root WebApplicationContext: initialization completed in 1232 ms
2025-03-02 17:19:57.481  INFO 10434 --- [main] org.mongodb.driver.cluster               : Cluster created with settings {hosts=[localhost:27017], mode=MULTIPLE, requiredClusterType=UNKNOWN, serverSelectionTimeout='30000 ms', maxWaitQueueSize=500}
2025-03-02 17:19:57.481  INFO 10434 --- [main] org.mongodb.driver.cluster               : Adding discovered server localhost:27017 to client view of cluster
2025-03-02 17:19:57.539  INFO 10434 --- [cluster-ClusterId{value='67c445e50611070e2538b3f7', description='null'}-localhost:27017] org.mongodb.driver.connection            : Opened connection [connectionId{localValue:1, serverValue:24}] to localhost:27017
2025-03-02 17:19:57.543  INFO 10434 --- [cluster-ClusterId{value='67c445e50611070e2538b3f7', description='null'}-localhost:27017] org.mongodb.driver.cluster               : Monitor thread successfully connected to server with description ServerDescription{address=localhost:27017, type=STANDALONE, state=CONNECTED, ok=true, version=ServerVersion{versionList=[4, 4, 29]}, minWireVersion=0, maxWireVersion=9, maxDocumentSize=16777216, logicalSessionTimeoutMinutes=30, roundTripTimeNanos=2942622}
2025-03-02 17:19:57.544  INFO 10434 --- [cluster-ClusterId{value='67c445e50611070e2538b3f7', description='null'}-localhost:27017] org.mongodb.driver.cluster               : Discovered cluster type of STANDALONE
2025-03-02 17:19:57.583  WARN 10434 --- [main] o.s.data.convert.CustomConversions       : Registering converter from class java.time.LocalDateTime to class java.time.Instant as reading converter although it doesn't convert from a store-supported type! You might wanna check you annotation setup at the converter implementation.
2025-03-02 17:19:57.583  WARN 10434 --- [main] o.s.data.convert.CustomConversions       : Registering converter from class java.time.Instant to class java.time.LocalDateTime as reading converter although it doesn't convert from a store-supported type! You might wanna check you annotation setup at the converter implementation.
2025-03-02 17:19:57.640  WARN 10434 --- [main] o.s.data.convert.CustomConversions       : Registering converter from class java.time.LocalDateTime to class java.time.Instant as reading converter although it doesn't convert from a store-supported type! You might wanna check you annotation setup at the converter implementation.
2025-03-02 17:19:57.640  WARN 10434 --- [main] o.s.data.convert.CustomConversions       : Registering converter from class java.time.Instant to class java.time.LocalDateTime as reading converter although it doesn't convert from a store-supported type! You might wanna check you annotation setup at the converter implementation.
2025-03-02 17:19:58.163  INFO 10434 --- [main] o.s.s.concurrent.ThreadPoolTaskExecutor  : Initializing ExecutorService 'applicationTaskExecutor'
2025-03-02 17:19:58.616  INFO 10434 --- [main] o.s.b.w.embedded.tomcat.TomcatWebServer  : Tomcat started on port(s): 8082 (http) with context path ''
2025-03-02 17:19:58.618  INFO 10434 --- [main] c.e.s.StudentLmsMongoApplication         : Started StudentLmsMongoApplication in 7.902 seconds (JVM running for 8.277)
2025-03-02 17:20:01.176  INFO 10434 --- [http-nio-8082-exec-1] o.a.c.c.C.[Tomcat].[localhost].[/]       : Initializing Spring DispatcherServlet 'dispatcherServlet'
2025-03-02 17:20:01.176  INFO 10434 --- [http-nio-8082-exec-1] o.s.web.servlet.DispatcherServlet        : Initializing Servlet 'dispatcherServlet'
2025-03-02 17:20:01.181  INFO 10434 --- [http-nio-8082-exec-1] o.s.web.servlet.DispatcherServlet        : Completed initialization in 5 ms
2025-03-02 17:20:42.055  INFO 10434 --- [http-nio-8082-exec-6] org.mongodb.driver.connection            : Opened connection [connectionId{localValue:2, serverValue:25}] to localhost:27017
2025-03-02 17:22:16.423  INFO 10434 --- [SpringContextShutdownHook] o.s.s.concurrent.ThreadPoolTaskExecutor  : Shutting down ExecutorService 'applicationTaskExecutor'
2025-03-02 17:22:16.427  INFO 10434 --- [SpringContextShutdownHook] org.mongodb.driver.connection            : Closed connection [connectionId{localValue:2, serverValue:25}] to localhost:27017 because the pool has been closed.
2025-03-02 17:22:26.167  INFO 10488 --- [main] c.e.s.StudentLmsMongoApplication         : Starting StudentLmsMongoApplication on Keerthis-MacBook-Pro.local with PID 10488 (/Users/keerthisureka/Documents/tasks/student-lms-mongo/target/classes started by keerthisureka in /Users/keerthisureka/Documents/tasks/student-lms-mongo)
2025-03-02 17:22:26.169  INFO 10488 --- [main] c.e.s.StudentLmsMongoApplication         : No active profile set, falling back to default profiles: default
2025-03-02 17:22:26.713  INFO 10488 --- [main] .s.d.r.c.RepositoryConfigurationDelegate : Bootstrapping Spring Data repositories in DEFAULT mode.
2025-03-02 17:22:26.766  INFO 10488 --- [main] .s.d.r.c.RepositoryConfigurationDelegate : Finished Spring Data repository scanning in 49ms. Found 4 repository interfaces.
2025-03-02 17:22:27.195  INFO 10488 --- [main] o.s.b.w.embedded.tomcat.TomcatWebServer  : Tomcat initialized with port(s): 8082 (http)
2025-03-02 17:22:27.203  INFO 10488 --- [main] o.apache.catalina.core.StandardService   : Starting service [Tomcat]
2025-03-02 17:22:27.203  INFO 10488 --- [main] org.apache.catalina.core.StandardEngine  : Starting Servlet engine: [Apache Tomcat/9.0.27]
2025-03-02 17:22:27.259  INFO 10488 --- [main] o.a.c.c.C.[Tomcat].[localhost].[/]       : Initializing Spring embedded WebApplicationContext
2025-03-02 17:22:27.259  INFO 10488 --- [main] o.s.web.context.ContextLoader            : Root WebApplicationContext: initialization completed in 1048 ms
2025-03-02 17:22:27.473  INFO 10488 --- [main] org.mongodb.driver.cluster               : Cluster created with settings {hosts=[localhost:27017], mode=MULTIPLE, requiredClusterType=UNKNOWN, serverSelectionTimeout='30000 ms', maxWaitQueueSize=500}
2025-03-02 17:22:27.474  INFO 10488 --- [main] org.mongodb.driver.cluster               : Adding discovered server localhost:27017 to client view of cluster
2025-03-02 17:22:27.522  INFO 10488 --- [cluster-ClusterId{value='67c4467b1f5bb346ad00d918', description='null'}-localhost:27017] org.mongodb.driver.connection            : Opened connection [connectionId{localValue:1, serverValue:26}] to localhost:27017
2025-03-02 17:22:27.526  INFO 10488 --- [cluster-ClusterId{value='67c4467b1f5bb346ad00d918', description='null'}-localhost:27017] org.mongodb.driver.cluster               : Monitor thread successfully connected to server with description ServerDescription{address=localhost:27017, type=STANDALONE, state=CONNECTED, ok=true, version=ServerVersion{versionList=[4, 4, 29]}, minWireVersion=0, maxWireVersion=9, maxDocumentSize=16777216, logicalSessionTimeoutMinutes=30, roundTripTimeNanos=2000856}
2025-03-02 17:22:27.526  INFO 10488 --- [cluster-ClusterId{value='67c4467b1f5bb346ad00d918', description='null'}-localhost:27017] org.mongodb.driver.cluster               : Discovered cluster type of STANDALONE
2025-03-02 17:22:27.552  WARN 10488 --- [main] o.s.data.convert.CustomConversions       : Registering converter from class java.time.LocalDateTime to class java.time.Instant as reading converter although it doesn't convert from a store-supported type! You might wanna check you annotation setup at the converter implementation.
2025-03-02 17:22:27.552  WARN 10488 --- [main] o.s.data.convert.CustomConversions       : Registering converter from class java.time.Instant to class java.time.LocalDateTime as reading converter although it doesn't convert from a store-supported type! You might wanna check you annotation setup at the converter implementation.
2025-03-02 17:22:27.599  WARN 10488 --- [main] o.s.data.convert.CustomConversions       : Registering converter from class java.time.LocalDateTime to class java.time.Instant as reading converter although it doesn't convert from a store-supported type! You might wanna check you annotation setup at the converter implementation.
2025-03-02 17:22:27.599  WARN 10488 --- [main] o.s.data.convert.CustomConversions       : Registering converter from class java.time.Instant to class java.time.LocalDateTime as reading converter although it doesn't convert from a store-supported type! You might wanna check you annotation setup at the converter implementation.
2025-03-02 17:22:28.063  INFO 10488 --- [main] o.s.s.concurrent.ThreadPoolTaskExecutor  : Initializing ExecutorService 'applicationTaskExecutor'
2025-03-02 17:22:28.458  INFO 10488 --- [main] o.s.b.w.embedded.tomcat.TomcatWebServer  : Tomcat started on port(s): 8082 (http) with context path ''
2025-03-02 17:22:28.461  INFO 10488 --- [main] c.e.s.StudentLmsMongoApplication         : Started StudentLmsMongoApplication in 7.615 seconds (JVM running for 7.93)
2025-03-02 17:22:32.302  INFO 10488 --- [http-nio-8082-exec-1] o.a.c.c.C.[Tomcat].[localhost].[/]       : Initializing Spring DispatcherServlet 'dispatcherServlet'
2025-03-02 17:22:32.302  INFO 10488 --- [http-nio-8082-exec-1] o.s.web.servlet.DispatcherServlet        : Initializing Servlet 'dispatcherServlet'
2025-03-02 17:22:32.308  INFO 10488 --- [http-nio-8082-exec-1] o.s.web.servlet.DispatcherServlet        : Completed initialization in 6 ms
2025-03-02 17:22:32.356  INFO 10488 --- [http-nio-8082-exec-1] org.mongodb.driver.connection            : Opened connection [connectionId{localValue:2, serverValue:27}] to localhost:27017
2025-03-02 17:24:27.648  INFO 10488 --- [SpringContextShutdownHook] o.s.s.concurrent.ThreadPoolTaskExecutor  : Shutting down ExecutorService 'applicationTaskExecutor'
2025-03-02 17:24:27.651  INFO 10488 --- [SpringContextShutdownHook] org.mongodb.driver.connection            : Closed connection [connectionId{localValue:2, serverValue:27}] to localhost:27017 because the pool has been closed.
2025-03-02 17:24:39.794  INFO 10554 --- [main] c.e.s.StudentLmsMongoApplication         : Starting StudentLmsMongoApplication on Keerthis-MacBook-Pro.local with PID 10554 (/Users/keerthisureka/Documents/tasks/student-lms-mongo/target/classes started by keerthisureka in /Users/keerthisureka/Documents/tasks/student-lms-mongo)
2025-03-02 17:24:39.796  INFO 10554 --- [main] c.e.s.StudentLmsMongoApplication         : No active profile set, falling back to default profiles: default
2025-03-02 17:24:40.331  INFO 10554 --- [main] .s.d.r.c.RepositoryConfigurationDelegate : Bootstrapping Spring Data repositories in DEFAULT mode.
2025-03-02 17:24:40.383  INFO 10554 --- [main] .s.d.r.c.RepositoryConfigurationDelegate : Finished Spring Data repository scanning in 49ms. Found 4 repository interfaces.
2025-03-02 17:24:40.809  INFO 10554 --- [main] o.s.b.w.embedded.tomcat.TomcatWebServer  : Tomcat initialized with port(s): 8082 (http)
2025-03-02 17:24:40.817  INFO 10554 --- [main] o.apache.catalina.core.StandardService   : Starting service [Tomcat]
2025-03-02 17:24:40.818  INFO 10554 --- [main] org.apache.catalina.core.StandardEngine  : Starting Servlet engine: [Apache Tomcat/9.0.27]
2025-03-02 17:24:40.873  INFO 10554 --- [main] o.a.c.c.C.[Tomcat].[localhost].[/]       : Initializing Spring embedded WebApplicationContext
2025-03-02 17:24:40.873  INFO 10554 --- [main] o.s.web.context.ContextLoader            : Root WebApplicationContext: initialization completed in 1039 ms
2025-03-02 17:24:41.055  INFO 10554 --- [main] org.mongodb.driver.cluster               : Cluster created with settings {hosts=[localhost:27017], mode=MULTIPLE, requiredClusterType=UNKNOWN, serverSelectionTimeout='30000 ms', maxWaitQueueSize=500}
2025-03-02 17:24:41.056  INFO 10554 --- [main] org.mongodb.driver.cluster               : Adding discovered server localhost:27017 to client view of cluster
2025-03-02 17:24:41.104  INFO 10554 --- [cluster-ClusterId{value='67c44701c6effb1f5d3c6427', description='null'}-localhost:27017] org.mongodb.driver.connection            : Opened connection [connectionId{localValue:1, serverValue:28}] to localhost:27017
2025-03-02 17:24:41.109  INFO 10554 --- [cluster-ClusterId{value='67c44701c6effb1f5d3c6427', description='null'}-localhost:27017] org.mongodb.driver.cluster               : Monitor thread successfully connected to server with description ServerDescription{address=localhost:27017, type=STANDALONE, state=CONNECTED, ok=true, version=ServerVersion{versionList=[4, 4, 29]}, minWireVersion=0, maxWireVersion=9, maxDocumentSize=16777216, logicalSessionTimeoutMinutes=30, roundTripTimeNanos=2438655}
2025-03-02 17:24:41.111  INFO 10554 --- [cluster-ClusterId{value='67c44701c6effb1f5d3c6427', description='null'}-localhost:27017] org.mongodb.driver.cluster               : Discovered cluster type of STANDALONE
2025-03-02 17:24:41.140  WARN 10554 --- [main] o.s.data.convert.CustomConversions       : Registering converter from class java.time.LocalDateTime to class java.time.Instant as reading converter although it doesn't convert from a store-supported type! You might wanna check you annotation setup at the converter implementation.
2025-03-02 17:24:41.140  WARN 10554 --- [main] o.s.data.convert.CustomConversions       : Registering converter from class java.time.Instant to class java.time.LocalDateTime as reading converter although it doesn't convert from a store-supported type! You might wanna check you annotation setup at the converter implementation.
2025-03-02 17:24:41.193  WARN 10554 --- [main] o.s.data.convert.CustomConversions       : Registering converter from class java.time.LocalDateTime to class java.time.Instant as reading converter although it doesn't convert from a store-supported type! You might wanna check you annotation setup at the converter implementation.
2025-03-02 17:24:41.193  WARN 10554 --- [main] o.s.data.convert.CustomConversions       : Registering converter from class java.time.Instant to class java.time.LocalDateTime as reading converter although it doesn't convert from a store-supported type! You might wanna check you annotation setup at the converter implementation.
2025-03-02 17:24:41.654  INFO 10554 --- [main] o.s.s.concurrent.ThreadPoolTaskExecutor  : Initializing ExecutorService 'applicationTaskExecutor'
2025-03-02 17:24:42.047  INFO 10554 --- [main] o.s.b.w.embedded.tomcat.TomcatWebServer  : Tomcat started on port(s): 8082 (http) with context path ''
2025-03-02 17:24:42.049  INFO 10554 --- [main] c.e.s.StudentLmsMongoApplication         : Started StudentLmsMongoApplication in 7.528 seconds (JVM running for 7.855)
2025-03-02 17:24:46.664  INFO 10554 --- [http-nio-8082-exec-1] o.a.c.c.C.[Tomcat].[localhost].[/]       : Initializing Spring DispatcherServlet 'dispatcherServlet'
2025-03-02 17:24:46.664  INFO 10554 --- [http-nio-8082-exec-1] o.s.web.servlet.DispatcherServlet        : Initializing Servlet 'dispatcherServlet'
2025-03-02 17:24:46.668  INFO 10554 --- [http-nio-8082-exec-1] o.s.web.servlet.DispatcherServlet        : Completed initialization in 4 ms
2025-03-02 17:24:46.714  INFO 10554 --- [http-nio-8082-exec-1] org.mongodb.driver.connection            : Opened connection [connectionId{localValue:2, serverValue:29}] to localhost:27017
2025-03-02 17:37:42.849  INFO 10554 --- [SpringContextShutdownHook] o.s.s.concurrent.ThreadPoolTaskExecutor  : Shutting down ExecutorService 'applicationTaskExecutor'
2025-03-02 17:37:42.857  INFO 10554 --- [SpringContextShutdownHook] org.mongodb.driver.connection            : Closed connection [connectionId{localValue:2, serverValue:29}] to localhost:27017 because the pool has been closed.
2025-03-02 17:38:01.311  INFO 10990 --- [main] c.e.s.StudentLmsMongoApplication         : Starting StudentLmsMongoApplication on Keerthis-MacBook-Pro.local with PID 10990 (/Users/keerthisureka/Documents/tasks/student-lms-mongo/target/classes started by keerthisureka in /Users/keerthisureka/Documents/tasks/student-lms-mongo)
2025-03-02 17:38:01.313  INFO 10990 --- [main] c.e.s.StudentLmsMongoApplication         : No active profile set, falling back to default profiles: default
2025-03-02 17:38:01.916  INFO 10990 --- [main] .s.d.r.c.RepositoryConfigurationDelegate : Bootstrapping Spring Data repositories in DEFAULT mode.
2025-03-02 17:38:01.986  INFO 10990 --- [main] .s.d.r.c.RepositoryConfigurationDelegate : Finished Spring Data repository scanning in 63ms. Found 4 repository interfaces.
2025-03-02 17:38:02.448  INFO 10990 --- [main] o.s.b.w.embedded.tomcat.TomcatWebServer  : Tomcat initialized with port(s): 8082 (http)
2025-03-02 17:38:02.457  INFO 10990 --- [main] o.apache.catalina.core.StandardService   : Starting service [Tomcat]
2025-03-02 17:38:02.457  INFO 10990 --- [main] org.apache.catalina.core.StandardEngine  : Starting Servlet engine: [Apache Tomcat/9.0.27]
2025-03-02 17:38:02.525  INFO 10990 --- [main] o.a.c.c.C.[Tomcat].[localhost].[/]       : Initializing Spring embedded WebApplicationContext
2025-03-02 17:38:02.525  INFO 10990 --- [main] o.s.web.context.ContextLoader            : Root WebApplicationContext: initialization completed in 1167 ms
2025-03-02 17:38:02.707  INFO 10990 --- [main] org.mongodb.driver.cluster               : Cluster created with settings {hosts=[localhost:27017], mode=MULTIPLE, requiredClusterType=UNKNOWN, serverSelectionTimeout='30000 ms', maxWaitQueueSize=500}
2025-03-02 17:38:02.707  INFO 10990 --- [main] org.mongodb.driver.cluster               : Adding discovered server localhost:27017 to client view of cluster
2025-03-02 17:38:02.755  INFO 10990 --- [cluster-ClusterId{value='67c44a224e2fcc250a433c7e', description='null'}-localhost:27017] org.mongodb.driver.connection            : Opened connection [connectionId{localValue:1, serverValue:31}] to localhost:27017
2025-03-02 17:38:02.758  INFO 10990 --- [cluster-ClusterId{value='67c44a224e2fcc250a433c7e', description='null'}-localhost:27017] org.mongodb.driver.cluster               : Monitor thread successfully connected to server with description ServerDescription{address=localhost:27017, type=STANDALONE, state=CONNECTED, ok=true, version=ServerVersion{versionList=[4, 4, 29]}, minWireVersion=0, maxWireVersion=9, maxDocumentSize=16777216, logicalSessionTimeoutMinutes=30, roundTripTimeNanos=2272512}
2025-03-02 17:38:02.759  INFO 10990 --- [cluster-ClusterId{value='67c44a224e2fcc250a433c7e', description='null'}-localhost:27017] org.mongodb.driver.cluster               : Discovered cluster type of STANDALONE
2025-03-02 17:38:02.790  WARN 10990 --- [main] o.s.data.convert.CustomConversions       : Registering converter from class java.time.LocalDateTime to class java.time.Instant as reading converter although it doesn't convert from a store-supported type! You might wanna check you annotation setup at the converter implementation.
2025-03-02 17:38:02.790  WARN 10990 --- [main] o.s.data.convert.CustomConversions       : Registering converter from class java.time.Instant to class java.time.LocalDateTime as reading converter although it doesn't convert from a store-supported type! You might wanna check you annotation setup at the converter implementation.
2025-03-02 17:38:02.833  WARN 10990 --- [main] o.s.data.convert.CustomConversions       : Registering converter from class java.time.LocalDateTime to class java.time.Instant as reading converter although it doesn't convert from a store-supported type! You might wanna check you annotation setup at the converter implementation.
2025-03-02 17:38:02.833  WARN 10990 --- [main] o.s.data.convert.CustomConversions       : Registering converter from class java.time.Instant to class java.time.LocalDateTime as reading converter although it doesn't convert from a store-supported type! You might wanna check you annotation setup at the converter implementation.
2025-03-02 17:38:03.294  INFO 10990 --- [main] o.s.s.concurrent.ThreadPoolTaskExecutor  : Initializing ExecutorService 'applicationTaskExecutor'
2025-03-02 17:38:03.697  INFO 10990 --- [main] o.s.b.w.embedded.tomcat.TomcatWebServer  : Tomcat started on port(s): 8082 (http) with context path ''
2025-03-02 17:38:03.699  INFO 10990 --- [main] c.e.s.StudentLmsMongoApplication         : Started StudentLmsMongoApplication in 7.658 seconds (JVM running for 8.046)
2025-03-02 17:38:08.903  INFO 10990 --- [http-nio-8082-exec-1] o.a.c.c.C.[Tomcat].[localhost].[/]       : Initializing Spring DispatcherServlet 'dispatcherServlet'
2025-03-02 17:38:08.903  INFO 10990 --- [http-nio-8082-exec-1] o.s.web.servlet.DispatcherServlet        : Initializing Servlet 'dispatcherServlet'
2025-03-02 17:38:08.909  INFO 10990 --- [http-nio-8082-exec-1] o.s.web.servlet.DispatcherServlet        : Completed initialization in 6 ms
2025-03-02 17:38:45.283  INFO 10990 --- [http-nio-8082-exec-6] org.mongodb.driver.connection            : Opened connection [connectionId{localValue:2, serverValue:32}] to localhost:27017
2025-03-02 17:47:07.441  INFO 10990 --- [SpringContextShutdownHook] o.s.s.concurrent.ThreadPoolTaskExecutor  : Shutting down ExecutorService 'applicationTaskExecutor'
2025-03-02 17:47:07.446  INFO 10990 --- [SpringContextShutdownHook] org.mongodb.driver.connection            : Closed connection [connectionId{localValue:2, serverValue:32}] to localhost:27017 because the pool has been closed.
2025-03-02 17:47:15.751  INFO 11179 --- [main] c.e.s.StudentLmsMongoApplication         : Starting StudentLmsMongoApplication on Keerthis-MacBook-Pro.local with PID 11179 (/Users/keerthisureka/Documents/tasks/student-lms-mongo/target/classes started by keerthisureka in /Users/keerthisureka/Documents/tasks/student-lms-mongo)
2025-03-02 17:47:15.752  INFO 11179 --- [main] c.e.s.StudentLmsMongoApplication         : No active profile set, falling back to default profiles: default
2025-03-02 17:47:16.505  INFO 11179 --- [main] .s.d.r.c.RepositoryConfigurationDelegate : Bootstrapping Spring Data repositories in DEFAULT mode.
2025-03-02 17:47:16.578  INFO 11179 --- [main] .s.d.r.c.RepositoryConfigurationDelegate : Finished Spring Data repository scanning in 64ms. Found 4 repository interfaces.
2025-03-02 17:47:17.116  INFO 11179 --- [main] o.s.b.w.embedded.tomcat.TomcatWebServer  : Tomcat initialized with port(s): 8082 (http)
2025-03-02 17:47:17.124  INFO 11179 --- [main] o.apache.catalina.core.StandardService   : Starting service [Tomcat]
2025-03-02 17:47:17.124  INFO 11179 --- [main] org.apache.catalina.core.StandardEngine  : Starting Servlet engine: [Apache Tomcat/9.0.27]
2025-03-02 17:47:17.178  INFO 11179 --- [main] o.a.c.c.C.[Tomcat].[localhost].[/]       : Initializing Spring embedded WebApplicationContext
2025-03-02 17:47:17.178  INFO 11179 --- [main] o.s.web.context.ContextLoader            : Root WebApplicationContext: initialization completed in 1372 ms
2025-03-02 17:47:17.348  INFO 11179 --- [main] org.mongodb.driver.cluster               : Cluster created with settings {hosts=[localhost:27017], mode=MULTIPLE, requiredClusterType=UNKNOWN, serverSelectionTimeout='30000 ms', maxWaitQueueSize=500}
2025-03-02 17:47:17.348  INFO 11179 --- [main] org.mongodb.driver.cluster               : Adding discovered server localhost:27017 to client view of cluster
2025-03-02 17:47:17.402  INFO 11179 --- [cluster-ClusterId{value='67c44c4dadabb7113de1df8b', description='null'}-localhost:27017] org.mongodb.driver.connection            : Opened connection [connectionId{localValue:1, serverValue:36}] to localhost:27017
2025-03-02 17:47:17.406  INFO 11179 --- [cluster-ClusterId{value='67c44c4dadabb7113de1df8b', description='null'}-localhost:27017] org.mongodb.driver.cluster               : Monitor thread successfully connected to server with description ServerDescription{address=localhost:27017, type=STANDALONE, state=CONNECTED, ok=true, version=ServerVersion{versionList=[4, 4, 29]}, minWireVersion=0, maxWireVersion=9, maxDocumentSize=16777216, logicalSessionTimeoutMinutes=30, roundTripTimeNanos=2661709}
2025-03-02 17:47:17.407  INFO 11179 --- [cluster-ClusterId{value='67c44c4dadabb7113de1df8b', description='null'}-localhost:27017] org.mongodb.driver.cluster               : Discovered cluster type of STANDALONE
2025-03-02 17:47:17.439  WARN 11179 --- [main] o.s.data.convert.CustomConversions       : Registering converter from class java.time.LocalDateTime to class java.time.Instant as reading converter although it doesn't convert from a store-supported type! You might wanna check you annotation setup at the converter implementation.
2025-03-02 17:47:17.439  WARN 11179 --- [main] o.s.data.convert.CustomConversions       : Registering converter from class java.time.Instant to class java.time.LocalDateTime as reading converter although it doesn't convert from a store-supported type! You might wanna check you annotation setup at the converter implementation.
2025-03-02 17:47:17.491  WARN 11179 --- [main] o.s.data.convert.CustomConversions       : Registering converter from class java.time.LocalDateTime to class java.time.Instant as reading converter although it doesn't convert from a store-supported type! You might wanna check you annotation setup at the converter implementation.
2025-03-02 17:47:17.491  WARN 11179 --- [main] o.s.data.convert.CustomConversions       : Registering converter from class java.time.Instant to class java.time.LocalDateTime as reading converter although it doesn't convert from a store-supported type! You might wanna check you annotation setup at the converter implementation.
2025-03-02 17:47:17.970  INFO 11179 --- [main] o.s.s.concurrent.ThreadPoolTaskExecutor  : Initializing ExecutorService 'applicationTaskExecutor'
2025-03-02 17:47:18.381  INFO 11179 --- [main] o.s.b.w.embedded.tomcat.TomcatWebServer  : Tomcat started on port(s): 8082 (http) with context path ''
2025-03-02 17:47:18.383  INFO 11179 --- [main] c.e.s.StudentLmsMongoApplication         : Started StudentLmsMongoApplication in 7.962 seconds (JVM running for 8.343)
2025-03-02 17:47:21.365  INFO 11179 --- [http-nio-8082-exec-1] o.a.c.c.C.[Tomcat].[localhost].[/]       : Initializing Spring DispatcherServlet 'dispatcherServlet'
2025-03-02 17:47:21.365  INFO 11179 --- [http-nio-8082-exec-1] o.s.web.servlet.DispatcherServlet        : Initializing Servlet 'dispatcherServlet'
2025-03-02 17:47:21.370  INFO 11179 --- [http-nio-8082-exec-1] o.s.web.servlet.DispatcherServlet        : Completed initialization in 5 ms
2025-03-02 17:47:44.762  INFO 11179 --- [http-nio-8082-exec-6] org.mongodb.driver.connection            : Opened connection [connectionId{localValue:2, serverValue:37}] to localhost:27017
2025-03-02 17:56:59.457  INFO 11179 --- [SpringContextShutdownHook] o.s.s.concurrent.ThreadPoolTaskExecutor  : Shutting down ExecutorService 'applicationTaskExecutor'
2025-03-02 17:56:59.461  INFO 11179 --- [SpringContextShutdownHook] org.mongodb.driver.connection            : Closed connection [connectionId{localValue:2, serverValue:37}] to localhost:27017 because the pool has been closed.
